<?xml version="1.0" encoding="utf-8"?><testsuites name="pytest tests"><testsuite name="pytest" errors="0" failures="0" skipped="1" tests="14" time="6.107" timestamp="2026-08-03T03:43:33.683368+00:00" hostname="agent-env-eb8f9ee9-af29-43e5-a944-78cb774b0af4"><testcase classname="test_alarms_caldav.TestAlarmLifecycle" name="test_create_future_alarm" time="0.213" /><testcase classname="test_alarms_caldav.TestAlarmLifecycle" name="test_list_contains_created" time="0.049" /><testcase classname="test_alarms_caldav.TestAlarmLifecycle" name="test_past_alarm_shows_up_in_pending" time="0.085" /><testcase classname="test_alarms_caldav.TestAlarmLifecycle" name="test_mark_fired" time="0.089" /><testcase classname="test_alarms_caldav.TestAlarmLifecycle" name="test_silence_specific" time="0.088" /><testcase classname="test_alarms_caldav.TestAlarmLifecycle" name="test_silence_all_firing" time="0.139" /><testcase classname="test_alarms_caldav.TestAlarmLifecycle" name="test_delete_alarm" time="0.129" /><testcase classname="test_alarms_caldav.TestAlarmLifecycle" name="test_invalid_fire_at_iso" time="0.042" /><testcase classname="test_alarms_caldav.TestRepeatDailyAlarm" name="test_repeat_daily_reschedules_on_silence" time="0.129" /><testcase classname="test_alarms_caldav.TestCalDAVWrite" name="test_status_returns_configured_flag" time="0.043" /><testcase classname="test_alarms_caldav.TestCalDAVWrite" name="test_write_event_without_config_returns_400" time="0.096" /><testcase classname="test_alarms_caldav.TestCalDAVWrite" name="test_config_with_fake_creds_rejected" time="0.974" /><testcase classname="test_alarms_caldav.TestChatActions" name="test_chat_set_alarm_creates_alarm" time="3.624" /><testcase classname="test_alarms_caldav.TestChatActions" name="test_chat_add_event_failure_relay" time="0.298"><skipped type="pytest.skip" message="CalDAV is configured — can't test failure relay">/app/backend/tests/test_alarms_caldav.py:250: CalDAV is configured — can't test failure relay</skipped></testcase></testsuite></testsuites>