<?xml version="1.0" encoding="utf-8"?><testsuites name="pytest tests"><testsuite name="pytest" errors="0" failures="0" skipped="0" tests="7" time="43.788" timestamp="2026-08-02T11:01:48.781378+00:00" hostname="agent-env-eb8f9ee9-af29-43e5-a944-78cb774b0af4"><testcase classname="test_autopilot" name="test_autopilot_status_shape" time="0.141" /><testcase classname="test_autopilot" name="test_autopilot_config_update_and_validate" time="0.424" /><testcase classname="test_autopilot" name="test_persona_get" time="0.145" /><testcase classname="test_autopilot" name="test_persona_regenerate_and_serve" time="21.684" /><testcase classname="test_autopilot" name="test_topic_add_list_delete" time="0.380" /><testcase classname="test_autopilot" name="test_youtube_disconnected_but_login_url_ready" time="0.188" /><testcase classname="test_autopilot" name="test_run_now_progresses" time="20.747" /></testsuite></testsuites>