<?xml version="1.0" encoding="utf-8"?><testsuites name="pytest tests"><testsuite name="pytest" errors="0" failures="0" skipped="0" tests="12" time="17.942" timestamp="2026-05-28T19:38:06.590754+00:00" hostname="agent-env-eb8f9ee9-af29-43e5-a944-78cb774b0af4"><testcase classname="backend.tests.test_phase4_twilio" name="test_twilio_status_returns_unconfigured_state" time="0.318" /><testcase classname="backend.tests.test_phase4_twilio" name="test_sms_replies_with_in_character_message" time="4.231" /><testcase classname="backend.tests.test_phase4_twilio" name="test_sms_empty_body_asks_for_input" time="0.119" /><testcase classname="backend.tests.test_phase4_twilio" name="test_voice_greeting_has_polly_russell_and_gather" time="0.151" /><testcase classname="backend.tests.test_phase4_twilio" name="test_voice_gather_with_speech_returns_say_then_gather" time="3.940" /><testcase classname="backend.tests.test_phase4_twilio" name="test_voice_gather_empty_speech_returns_hangup" time="0.176" /><testcase classname="backend.tests.test_phase4_twilio" name="test_voice_gather_goodbye_triggers_hangup" time="0.146" /><testcase classname="backend.tests.test_phase4_twilio" name="test_one_brain_sms_and_voice_both_persist_to_session_main" time="6.605" /><testcase classname="backend.tests.test_phase4_twilio" name="test_regression_chat_web_still_works" time="1.826" /><testcase classname="backend.tests.test_phase4_twilio" name="test_regression_cocktails_count_44" time="0.119" /><testcase classname="backend.tests.test_phase4_twilio" name="test_regression_substitutions_count_22" time="0.115" /><testcase classname="backend.tests.test_phase4_twilio" name="test_regression_voice_transcribe_endpoint_exists" time="0.110" /></testsuite></testsuites>