<?xml version="1.0" encoding="utf-8"?><testsuites name="pytest tests"><testsuite name="pytest" errors="0" failures="0" skipped="0" tests="9" time="7.893" timestamp="2026-05-28T19:01:32.930181+00:00" hostname="agent-env-eb8f9ee9-af29-43e5-a944-78cb774b0af4"><testcase classname="backend.tests.test_voice.TestVoiceTranscribe" name="test_no_file_returns_422" time="0.343" /><testcase classname="backend.tests.test_voice.TestVoiceTranscribe" name="test_tiny_blob_returns_empty_text" time="0.210" /><testcase classname="backend.tests.test_voice.TestVoiceTranscribe" name="test_real_audio_returns_text_field" time="2.729" /><testcase classname="backend.tests.test_voice.TestVoiceTranscribe" name="test_missing_filename_with_webm_content_type" time="0.189" /><testcase classname="backend.tests.test_voice.TestVoiceTranscribe" name="test_too_large_returns_413" time="1.126" /><testcase classname="backend.tests.test_voice.TestRegression" name="test_chat_endpoint_alive" time="2.839" /><testcase classname="backend.tests.test_voice.TestRegression" name="test_cocktails_list" time="0.135" /><testcase classname="backend.tests.test_voice.TestRegression" name="test_substitutions_list" time="0.112" /><testcase classname="backend.tests.test_voice.TestRegression" name="test_cocktails_by_flavour" time="0.142" /></testsuite></testsuites>