<?xml version="1.0" encoding="utf-8"?><testsuites name="pytest tests"><testsuite name="pytest" errors="0" failures="0" skipped="0" tests="8" time="112.180" timestamp="2026-08-02T09:58:02.041202+00:00" hostname="agent-env-eb8f9ee9-af29-43e5-a944-78cb774b0af4"><testcase classname="tests.test_studio_phase2" name="test_voiceover_creates_mp3" time="2.292" /><testcase classname="tests.test_studio_phase2" name="test_image_card_low" time="13.781" /><testcase classname="tests.test_studio_phase2" name="test_hero_clip_invalid_duration" time="0.049" /><testcase classname="tests.test_studio_phase2" name="test_hero_clip_invalid_model" time="0.046" /><testcase classname="tests.test_studio_phase2" name="test_hero_clip_square_not_allowed_on_sora2" time="0.041" /><testcase classname="tests.test_studio_phase2" name="test_hero_clip_render" time="90.582" /><testcase classname="tests.test_studio_phase2" name="test_assemble_and_download" time="5.286" /><testcase classname="tests.test_studio_phase2" name="test_jobs_list_includes" time="0.044" /></testsuite></testsuites>