<?xml version="1.0" encoding="utf-8"?><testsuites name="pytest tests"><testsuite name="pytest" errors="0" failures="0" skipped="0" tests="26" time="30.648" timestamp="2026-05-28T21:15:19.358491+00:00" hostname="agent-env-eb8f9ee9-af29-43e5-a944-78cb774b0af4"><testcase classname="backend.tests.test_phase6_refactor" name="test_root" time="0.230" /><testcase classname="backend.tests.test_phase6_refactor.TestCocktails" name="test_list" time="0.057" /><testcase classname="backend.tests.test_phase6_refactor.TestCocktails" name="test_get_single" time="0.103" /><testcase classname="backend.tests.test_phase6_refactor.TestCocktails" name="test_search_by_ingredients" time="0.049" /><testcase classname="backend.tests.test_phase6_refactor.TestCocktails" name="test_by_flavour_bitter" time="0.046" /><testcase classname="backend.tests.test_phase6_refactor.TestRefData" name="test_substitutions_list" time="0.055" /><testcase classname="backend.tests.test_phase6_refactor.TestRefData" name="test_substitutions_get_cointreau" time="0.063" /><testcase classname="backend.tests.test_phase6_refactor.TestRefData" name="test_ingredients" time="0.048" /><testcase classname="backend.tests.test_phase6_refactor.TestTools" name="test_abv_math" time="0.052" /><testcase classname="backend.tests.test_phase6_refactor.TestTools" name="test_batch_real_cocktail" time="0.103" /><testcase classname="backend.tests.test_phase6_refactor.TestTools" name="test_compatibility_cream_lime" time="0.049" /><testcase classname="backend.tests.test_phase6_refactor.TestTools" name="test_cost" time="0.050" /><testcase classname="backend.tests.test_phase6_refactor.TestRegulars" name="test_crud" time="0.141" /><testcase classname="backend.tests.test_phase6_refactor.TestMemory" name="test_crud" time="0.143" /><testcase classname="backend.tests.test_phase6_refactor.TestInventory" name="test_crud_and_patch" time="0.198" /><testcase classname="backend.tests.test_phase6_refactor.TestCollections" name="test_records_exists" time="0.050" /><testcase classname="backend.tests.test_phase6_refactor.TestCollections" name="test_full_crud" time="0.255" /><testcase classname="backend.tests.test_phase6_refactor.TestPeripherals" name="test_twilio_status" time="0.049" /><testcase classname="backend.tests.test_phase6_refactor.TestPeripherals" name="test_voice_transcribe_tiny" time="0.112" /><testcase classname="backend.tests.test_phase6_refactor.TestPeripherals" name="test_companion_weather" time="1.146" /><testcase classname="backend.tests.test_phase6_refactor.TestPeripherals" name="test_companion_context" time="0.052" /><testcase classname="backend.tests.test_phase6_refactor.TestChat" name="test_basic_chat_and_history_persistence" time="9.611" /><testcase classname="backend.tests.test_phase6_refactor.TestReverseMoodPairing" name="test_record_in_collection_reggae" time="5.278" /><testcase classname="backend.tests.test_phase6_refactor.TestReverseMoodPairing" name="test_record_not_in_collection_taylor_swift" time="4.737" /><testcase classname="backend.tests.test_phase6_refactor.TestReverseMoodPairing" name="test_record_not_in_collection_pink_floyd" time="4.699" /><testcase classname="backend.tests.test_phase6_refactor.TestReverseMoodPairing" name="test_no_record_mention_negative" time="3.164" /></testsuite></testsuites>