<?xml version="1.0" encoding="utf-8"?><testsuites name="pytest tests"><testsuite name="pytest" errors="0" failures="0" skipped="0" tests="8" time="1.855" timestamp="2026-05-30T22:45:22.415515+00:00" hostname="agent-env-eb8f9ee9-af29-43e5-a944-78cb774b0af4"><testcase classname="test_phase8_restore_seeds" name="test_list_cocktails_ok" time="0.119" /><testcase classname="test_phase8_restore_seeds" name="test_chat_endpoint_regression" time="0.443" /><testcase classname="test_phase8_restore_seeds" name="test_deleted_seeds_initially_empty_or_list" time="0.105" /><testcase classname="test_phase8_restore_seeds" name="test_restore_seeds_rejects_empty_body" time="0.056" /><testcase classname="test_phase8_restore_seeds" name="test_restore_seeds_unknown_name_silently_skips" time="0.054" /><testcase classname="test_phase8_restore_seeds" name="test_delete_seeded_creates_tombstone_and_single_restore" time="0.329" /><testcase classname="test_phase8_restore_seeds" name="test_restore_all_with_star" time="0.319" /><testcase classname="test_phase8_restore_seeds" name="test_custom_cocktail_crud_flow" time="0.369" /></testsuite></testsuites>