<?xml version="1.0" encoding="utf-8"?><testsuites name="pytest tests"><testsuite name="pytest" errors="0" failures="0" skipped="0" tests="21" time="30.041" timestamp="2026-05-28T20:05:41.039924+00:00" hostname="agent-env-eb8f9ee9-af29-43e5-a944-78cb774b0af4"><testcase classname="backend.tests.test_phase45_russell.TestRenameMigration" name="test_no_sheldon_role_remains" time="0.277" /><testcase classname="backend.tests.test_phase45_russell.TestRenameMigration" name="test_root_endpoint" time="0.058" /><testcase classname="backend.tests.test_phase45_russell.TestCompanion" name="test_companion_context" time="1.593" /><testcase classname="backend.tests.test_phase45_russell.TestCompanion" name="test_companion_weather_default" time="0.057" /><testcase classname="backend.tests.test_phase45_russell.TestCompanion" name="test_companion_weather_specific_location" time="1.542" /><testcase classname="backend.tests.test_phase45_russell.TestRussellChat" name="test_chat_good_morning_uses_time" time="4.236" /><testcase classname="backend.tests.test_phase45_russell.TestRussellChat" name="test_chat_random_question_companion_mode" time="10.386" /><testcase classname="backend.tests.test_phase45_russell.TestCollections" name="test_01_create_collection" time="0.057" /><testcase classname="backend.tests.test_phase45_russell.TestCollections" name="test_02_list_collections" time="0.053" /><testcase classname="backend.tests.test_phase45_russell.TestCollections" name="test_03_add_items" time="0.236" /><testcase classname="backend.tests.test_phase45_russell.TestCollections" name="test_04_russell_references_collection" time="6.140" /><testcase classname="backend.tests.test_phase45_russell.TestCollections" name="test_05_delete_item" time="0.117" /><testcase classname="backend.tests.test_phase45_russell.TestCollections" name="test_06_delete_collection" time="0.114" /><testcase classname="backend.tests.test_phase45_russell.TestRegression" name="test_cocktails_count" time="0.055" /><testcase classname="backend.tests.test_phase45_russell.TestRegression" name="test_substitutions_count" time="0.054" /><testcase classname="backend.tests.test_phase45_russell.TestRegression" name="test_regulars" time="0.061" /><testcase classname="backend.tests.test_phase45_russell.TestRegression" name="test_memory" time="0.051" /><testcase classname="backend.tests.test_phase45_russell.TestRegression" name="test_inventory" time="0.053" /><testcase classname="backend.tests.test_phase45_russell.TestRegression" name="test_twilio_voice_returns_twiml" time="0.180" /><testcase classname="backend.tests.test_phase45_russell.TestRegression" name="test_twilio_sms_returns_twiml" time="2.636" /><testcase classname="backend.tests.test_phase45_russell.TestRegression" name="test_chat_endpoint_basic" time="1.980" /></testsuite></testsuites>