<?xml version="1.0" encoding="utf-8"?><testsuites name="pytest tests"><testsuite name="pytest" errors="0" failures="0" skipped="0" tests="19" time="61.502" timestamp="2026-05-28T22:06:24.462062+00:00" hostname="agent-env-eb8f9ee9-af29-43e5-a944-78cb774b0af4"><testcase classname="test_phase7_actions" name="test_chat_casual_greeting_no_actions" time="4.847" /><testcase classname="test_phase7_actions" name="test_chat_question_no_actions" time="5.255" /><testcase classname="test_phase7_actions" name="test_chat_vague_compliment_no_actions" time="3.598" /><testcase classname="test_phase7_actions" name="test_chat_add_cocktail" time="6.745" /><testcase classname="test_phase7_actions" name="test_chat_add_collection_item_records" time="6.093" /><testcase classname="test_phase7_actions" name="test_chat_create_collection_and_item" time="6.236" /><testcase classname="test_phase7_actions" name="test_chat_set_inventory_86" time="4.755" /><testcase classname="test_phase7_actions" name="test_chat_add_memory" time="3.581" /><testcase classname="test_phase7_actions" name="test_chat_history_no_action_block" time="0.123" /><testcase classname="test_phase7_actions" name="test_chat_history_two_docs_per_turn" time="2.602" /><testcase classname="test_phase7_actions" name="test_parse_execute_malformed_block" time="0.128" /><testcase classname="test_phase7_actions" name="test_parse_execute_unknown_type" time="0.000" /><testcase classname="test_phase7_actions" name="test_parse_execute_auto_icon_for_collection" time="0.009" /><testcase classname="test_phase7_actions" name="test_parse_execute_inventory_idempotency" time="0.002" /><testcase classname="test_phase7_actions" name="test_telegram_webhook_saves_and_appends_suffix" time="6.076" /><testcase classname="test_phase7_actions" name="test_twilio_sms_actions_run_but_no_suffix" time="7.783" /><testcase classname="test_phase7_actions" name="test_smoke_previous_endpoints" time="1.453" /><testcase classname="test_phase7_actions" name="test_smoke_abv_tool" time="0.107" /><testcase classname="test_phase7_actions" name="test_smoke_weather" time="2.043" /></testsuite></testsuites>