<?xml version="1.0" encoding="utf-8"?><testsuites name="pytest tests"><testsuite name="pytest" errors="0" failures="0" skipped="0" tests="10" time="9.669" timestamp="2026-05-28T18:41:48.312836+00:00" hostname="agent-env-eb8f9ee9-af29-43e5-a944-78cb774b0af4"><testcase classname="backend.tests.test_phase2.TestPhase2Cocktails" name="test_cocktails_count_44_plus" time="0.292" /><testcase classname="backend.tests.test_phase2.TestPhase2Cocktails" name="test_phase2_new_specs_present" time="0.061" /><testcase classname="backend.tests.test_phase2.TestFlavourSearch" name="test_by_flavour_smoky_citrus_exclude_sweet" time="0.056" /><testcase classname="backend.tests.test_phase2.TestFlavourSearch" name="test_by_flavour_bitter_5_plus" time="0.049" /><testcase classname="backend.tests.test_phase2.TestFlavourSearch" name="test_by_flavour_empty_returns_empty" time="0.053" /><testcase classname="backend.tests.test_phase2.TestSubstitutions" name="test_list_substitutions_22_plus_sorted" time="0.051" /><testcase classname="backend.tests.test_phase2.TestSubstitutions" name="test_get_substitutions_cointreau" time="0.052" /><testcase classname="backend.tests.test_phase2.TestSubstitutions" name="test_get_substitutions_lowercase" time="0.048" /><testcase classname="backend.tests.test_phase2.TestSubstitutions" name="test_get_substitutions_404" time="0.054" /><testcase classname="backend.tests.test_phase2.TestChatProactiveSub" name="test_chat_proactive_sub_when_cointreau_86" time="8.889" /></testsuite></testsuites>