<?xml version="1.0" encoding="utf-8"?><testsuites name="pytest tests"><testsuite name="pytest" errors="0" failures="2" skipped="0" tests="19" time="11.752" timestamp="2026-05-28T18:26:23.865196+00:00" hostname="agent-env-eb8f9ee9-af29-43e5-a944-78cb774b0af4"><testcase classname="backend.tests.test_sheldon_api" name="test_root" time="0.171" /><testcase classname="backend.tests.test_sheldon_api.TestCocktails" name="test_list_seeded" time="0.051" /><testcase classname="backend.tests.test_sheldon_api.TestCocktails" name="test_search_filter" time="0.052" /><testcase classname="backend.tests.test_sheldon_api.TestCocktails" name="test_get_single" time="0.116" /><testcase classname="backend.tests.test_sheldon_api.TestCocktails" name="test_create_custom" time="0.156" /><testcase classname="backend.tests.test_sheldon_api.TestCocktails" name="test_search_by_ingredients" time="0.062" /><testcase classname="backend.tests.test_sheldon_api.TestTools" name="test_compat_fatal_baileys_lime" time="0.059" /><testcase classname="backend.tests.test_sheldon_api.TestTools" name="test_compat_ok_vodka_cranberry" time="0.058" /><testcase classname="backend.tests.test_sheldon_api.TestTools" name="test_abv" time="0.049" /><testcase classname="backend.tests.test_sheldon_api.TestTools" name="test_batch_by_cocktail_id" time="0.118" /><testcase classname="backend.tests.test_sheldon_api.TestTools" name="test_cost" time="0.066" /><testcase classname="backend.tests.test_sheldon_api.TestMemory" name="test_memory_crud" time="0.174" /><testcase classname="backend.tests.test_sheldon_api.TestRegulars" name="test_regulars_crud" time="0.176" /><testcase classname="backend.tests.test_sheldon_api.TestInventory" name="test_inventory_crud" time="0.165" /><testcase classname="backend.tests.test_sheldon_api.TestChat" name="test_chat_aussie_personality" time="0.702"><failure message="AssertionError: {&quot;detail&quot;:&quot;LLM error: Failed to generate chat completion: litellm.BadRequestError: OpenAIException - Budget has been exceeded! Current cost: 0.005214, Max budget: 0.001&quot;}&#10;assert 500 == 200&#10; +  where 500 = &lt;Response [500]&gt;.status_code">backend/tests/test_sheldon_api.py:201: in test_chat_aussie_personality
    assert r.status_code == 200, r.text
E   AssertionError: {"detail":"LLM error: Failed to generate chat completion: litellm.BadRequestError: OpenAIException - Budget has been exceeded! Current cost: 0.005214, Max budget: 0.001"}
E   assert 500 == 200
E    +  where 500 = &lt;Response [500]&gt;.status_code</failure></testcase><testcase classname="backend.tests.test_sheldon_api.TestChat" name="test_chat_warns_baileys_lime" time="8.428" /><testcase classname="backend.tests.test_sheldon_api.TestChat" name="test_chat_history_persisted" time="0.059" /><testcase classname="backend.tests.test_sheldon_api.TestChat" name="test_chat_uses_memory" time="0.858"><failure message="assert 500 == 200&#10; +  where 500 = &lt;Response [500]&gt;.status_code">backend/tests/test_sheldon_api.py:235: in test_chat_uses_memory
    assert r.status_code == 200
E   assert 500 == 200
E    +  where 500 = &lt;Response [500]&gt;.status_code</failure></testcase><testcase classname="backend.tests.test_sheldon_api.TestChat" name="test_chat_clear" time="0.050" /></testsuite></testsuites>