<?xml version="1.0" encoding="utf-8"?><testsuites name="pytest tests"><testsuite name="pytest" errors="0" failures="0" skipped="0" tests="19" time="25.293" timestamp="2026-05-28T18:42:03.559475+00:00" hostname="agent-env-eb8f9ee9-af29-43e5-a944-78cb774b0af4"><testcase classname="backend.tests.test_sheldon_api" name="test_root" time="0.124" /><testcase classname="backend.tests.test_sheldon_api.TestCocktails" name="test_list_seeded" time="0.056" /><testcase classname="backend.tests.test_sheldon_api.TestCocktails" name="test_search_filter" time="0.049" /><testcase classname="backend.tests.test_sheldon_api.TestCocktails" name="test_get_single" time="0.118" /><testcase classname="backend.tests.test_sheldon_api.TestCocktails" name="test_create_custom" time="0.159" /><testcase classname="backend.tests.test_sheldon_api.TestCocktails" name="test_search_by_ingredients" time="0.057" /><testcase classname="backend.tests.test_sheldon_api.TestTools" name="test_compat_fatal_baileys_lime" time="0.051" /><testcase classname="backend.tests.test_sheldon_api.TestTools" name="test_compat_ok_vodka_cranberry" time="0.055" /><testcase classname="backend.tests.test_sheldon_api.TestTools" name="test_abv" time="0.051" /><testcase classname="backend.tests.test_sheldon_api.TestTools" name="test_batch_by_cocktail_id" time="0.099" /><testcase classname="backend.tests.test_sheldon_api.TestTools" name="test_cost" time="0.045" /><testcase classname="backend.tests.test_sheldon_api.TestMemory" name="test_memory_crud" time="0.145" /><testcase classname="backend.tests.test_sheldon_api.TestRegulars" name="test_regulars_crud" time="0.151" /><testcase classname="backend.tests.test_sheldon_api.TestInventory" name="test_inventory_crud" time="0.232" /><testcase classname="backend.tests.test_sheldon_api.TestChat" name="test_chat_aussie_personality" time="9.224" /><testcase classname="backend.tests.test_sheldon_api.TestChat" name="test_chat_warns_baileys_lime" time="8.458" /><testcase classname="backend.tests.test_sheldon_api.TestChat" name="test_chat_history_persisted" time="0.048" /><testcase classname="backend.tests.test_sheldon_api.TestChat" name="test_chat_uses_memory" time="6.054" /><testcase classname="backend.tests.test_sheldon_api.TestChat" name="test_chat_clear" time="0.049" /></testsuite></testsuites>