<?xml version="1.0" encoding="utf-8"?><testsuites name="pytest tests"><testsuite name="pytest" errors="0" failures="0" skipped="0" tests="5" time="26.177" timestamp="2026-08-02T09:27:23.042870+00:00" hostname="agent-env-eb8f9ee9-af29-43e5-a944-78cb774b0af4"><testcase classname="test_studio" name="test_list_scripts_empty_ok" time="0.317" /><testcase classname="test_studio" name="test_generate_ideas" time="6.499" /><testcase classname="test_studio" name="test_generate_script" time="16.695" /><testcase classname="test_studio" name="test_script_save_list_delete_roundtrip" time="0.181" /><testcase classname="test_studio" name="test_voice_speak_mp3" time="2.417" /></testsuite></testsuites>