<?xml version="1.0" encoding="utf-8"?><testsuites name="pytest tests"><testsuite name="pytest" errors="0" failures="0" skipped="0" tests="7" time="0.648" timestamp="2026-08-02T10:17:36.251989+00:00" hostname="agent-env-eb8f9ee9-af29-43e5-a944-78cb774b0af4"><testcase classname="test_youtube" name="test_status_disconnected" time="0.228" /><testcase classname="test_youtube" name="test_login_returns_503" time="0.044" /><testcase classname="test_youtube" name="test_publish_disconnected_401" time="0.048" /><testcase classname="test_youtube" name="test_publish_bad_privacy_400" time="0.056" /><testcase classname="test_youtube" name="test_publish_traversal_returns_404" time="0.047" /><testcase classname="test_youtube" name="test_publish_non_mp4_returns_400" time="0.046" /><testcase classname="test_youtube" name="test_publish_job_not_found" time="0.048" /></testsuite></testsuites>